[0m11:59:32.623206 [debug] [MainThread]: Sending event: {'category': 'dbt', 'action': 'invocation', 'label': 'start', 'context': [<snowplow_tracker.self_describing_json.SelfDescribingJson object at 0x000002C315348A50>, <snowplow_tracker.self_describing_json.SelfDescribingJson object at 0x000002C315345F90>, <snowplow_tracker.self_describing_json.SelfDescribingJson object at 0x000002C3153A6310>]}


============================== 11:59:32.635220 | bc34f998-a313-4d14-94ec-46ac675ac537 ==============================
[0m11:59:32.635220 [info ] [MainThread]: Running with dbt=1.11.2
[0m11:59:32.635220 [debug] [MainThread]: running dbt with arguments {'version_check': 'True', 'no_print': 'None', 'static_parser': 'True', 'warn_error_options': 'WarnErrorOptionsV2(error=[], warn=[], silence=[])', 'target_path': 'None', 'printer_width': '80', 'write_json': 'True', 'introspect': 'True', 'log_cache_events': 'False', 'empty': 'None', 'cache_selected_only': 'False', 'log_format': 'default', 'debug': 'False', 'fail_fast': 'False', 'profiles_dir': 'C:\\Users\\cgilb\\.dbt', 'send_anonymous_usage_stats': 'True', 'quiet': 'False', 'warn_error': 'None', 'partial_parse': 'True', 'invocation_command': 'dbt init cbb_analytics', 'indirect_selection': 'eager', 'use_colors': 'True', 'use_experimental_parser': 'False', 'log_path': 'logs'}
[0m11:59:32.677578 [info ] [MainThread]: Creating dbt configuration folder at C:\Users\cgilb\.dbt
[0m11:59:32.682581 [debug] [MainThread]: Starter project path: C:\Users\cgilb\anaconda3\Lib\site-packages\dbt\include\starter_project
[0m11:59:32.747311 [info ] [MainThread]: 
Your new dbt project "cbb_analytics" was created!

For more information on how to configure the profiles.yml file,
please consult the dbt documentation here:

  https://docs.getdbt.com/docs/configure-your-profile

One more thing:

Need help? Don't hesitate to reach out to us via GitHub issues or on Slack:

  https://community.getdbt.com/

Happy modeling!

[0m11:59:32.749319 [info ] [MainThread]: Setting up your profile.
[0m11:59:42.828098 [debug] [MainThread]: Spark adapter: Setting pyhive.hive logging to ERROR
[0m11:59:42.828098 [debug] [MainThread]: Spark adapter: Setting thrift.transport logging to ERROR
[0m11:59:42.828098 [debug] [MainThread]: Spark adapter: Setting thrift.protocol logging to ERROR
[0m12:13:01.160188 [info ] [MainThread]: Profile cbb_analytics written to C:\Users\cgilb\.dbt\profiles.yml using target's profile_template.yml and your supplied values. Run 'dbt debug' to validate the connection.
[0m12:13:01.173865 [debug] [MainThread]: Command `dbt init` succeeded at 12:13:01.165455 after 808.67 seconds
[0m12:13:01.177071 [debug] [MainThread]: Sending event: {'category': 'dbt', 'action': 'invocation', 'label': 'end', 'context': [<snowplow_tracker.self_describing_json.SelfDescribingJson object at 0x000002C30EA30F90>, <snowplow_tracker.self_describing_json.SelfDescribingJson object at 0x000002C30EB7DE90>, <snowplow_tracker.self_describing_json.SelfDescribingJson object at 0x000002C3153458D0>]}
[0m12:13:01.181795 [debug] [MainThread]: Flushing usage events
[0m12:13:02.357622 [debug] [MainThread]: An error was encountered while trying to flush usage events
[0m13:36:33.655165 [debug] [MainThread]: Sending event: {'category': 'dbt', 'action': 'invocation', 'label': 'start', 'context': [<snowplow_tracker.self_describing_json.SelfDescribingJson object at 0x000001A579EC7CD0>, <snowplow_tracker.self_describing_json.SelfDescribingJson object at 0x000001A579E69050>, <snowplow_tracker.self_describing_json.SelfDescribingJson object at 0x000001A579E69610>]}


============================== 13:36:33.669257 | c57e771f-7eb8-4110-a3d5-f1e3ed4ec50e ==============================
[0m13:36:33.669257 [info ] [MainThread]: Running with dbt=1.11.2
[0m13:36:33.669257 [debug] [MainThread]: running dbt with arguments {'version_check': 'True', 'no_print': 'None', 'static_parser': 'True', 'warn_error_options': 'WarnErrorOptionsV2(error=[], warn=[], silence=[])', 'target_path': 'None', 'printer_width': '80', 'write_json': 'True', 'introspect': 'True', 'log_cache_events': 'False', 'empty': 'False', 'cache_selected_only': 'False', 'fail_fast': 'False', 'debug': 'False', 'log_format': 'default', 'partial_parse': 'True', 'send_anonymous_usage_stats': 'True', 'quiet': 'False', 'warn_error': 'None', 'profiles_dir': 'C:\\Users\\cgilb\\.dbt', 'use_colors': 'True', 'indirect_selection': 'eager', 'invocation_command': 'dbt run', 'use_experimental_parser': 'False', 'log_path': 'logs'}
[0m13:36:33.669257 [error] [MainThread]: Encountered an error:
Runtime Error
  No dbt_project.yml found at expected path C:\Users\cgilb\OneDrive\Documents\CBBProject\dbt_project.yml
  Verify that each entry within packages.yml (and their transitive dependencies) contains a file named dbt_project.yml
  
[0m13:36:33.669257 [debug] [MainThread]: Command `dbt run` failed at 13:36:33.669257 after 0.16 seconds
[0m13:36:33.669257 [debug] [MainThread]: Sending event: {'category': 'dbt', 'action': 'invocation', 'label': 'end', 'context': [<snowplow_tracker.self_describing_json.SelfDescribingJson object at 0x000001A573510F10>, <snowplow_tracker.self_describing_json.SelfDescribingJson object at 0x000001A579C6C3D0>, <snowplow_tracker.self_describing_json.SelfDescribingJson object at 0x000001A579E68A90>]}
[0m13:36:33.669257 [debug] [MainThread]: Flushing usage events
[0m13:36:34.703192 [debug] [MainThread]: An error was encountered while trying to flush usage events
